#
# There is insufficient memory for the Java Runtime Environment to continue.
# Native memory allocation (malloc) failed to allocate 1048576 bytes for AllocateHeap
# Possible reasons:
#   The system is out of physical RAM or swap space
#   In 32 bit mode, the process size limit was hit
# Possible solutions:
#   Reduce memory load on the system
#   Increase physical memory or swap space
#   Check if swap backing store is full
#   Use 64 bit Java on a 64 bit OS
#   Decrease Java heap size (-Xmx/-Xms)
#   Decrease number of Java threads
#   Decrease Java thread stack sizes (-Xss)
#   Set larger code cache with -XX:ReservedCodeCacheSize=
# This output file may be truncated or incomplete.
#
#  Out of Memory Error (memory/allocation.inline.hpp:61), pid=16156, tid=0x00000000000041d4
#
# JRE version:  (8.0_121-b13) (build )
# Java VM: Java HotSpot(TM) 64-Bit Server VM (25.121-b13 mixed mode windows-amd64 compressed oops)
# Failed to write core dump. Minidumps are not enabled by default on client versions of Windows
#

---------------  T H R E A D  ---------------

Current thread (0x0000000002980800):  JavaThread "Unknown thread" [_thread_in_vm, id=16852, stack(0x0000000002880000,0x0000000002980000)]

Stack: [0x0000000002880000,0x0000000002980000]
[error occurred during error reporting (printing stack bounds), id 0xc0000005]

Native frames: (J=compiled Java code, j=interpreted, Vv=VM code, C=native code)


---------------  P R O C E S S  ---------------

Java Threads: ( => current thread )

Other Threads:

=>0x0000000002980800 (exited) JavaThread "Unknown thread" [_thread_in_vm, id=16852, stack(0x0000000002880000,0x0000000002980000)]

VM state:not at safepoint (normal execution)

VM Mutex/Monitor currently owned by a thread: None

Heap:
 PSYoungGen      total 114688K, used 1966K [0x0000000740800000, 0x0000000748800000, 0x00000007c0000000)
  eden space 98304K, 2% used [0x0000000740800000,0x00000007409eb860,0x0000000746800000)
  from space 16384K, 0% used [0x0000000747800000,0x0000000747800000,0x0000000748800000)
  to   space 16384K, 0% used [0x0000000746800000,0x0000000746800000,0x0000000747800000)
 ParOldGen       total 262144K, used 0K [0x0000000641800000, 0x0000000651800000, 0x0000000740800000)
  object space 262144K, 0% used [0x0000000641800000,0x0000000641800000,0x0000000651800000)
 Metaspace       used 746K, capacity 4480K, committed 4480K, reserved 1056768K
  class space    used 75K, capacity 384K, committed 384K, reserved 1048576K

Card table byte_map: [0x0000000011e40000,0x0000000012a40000] byte_map_base: 0x000000000ec34000

Marking Bits: (ParMarkBitMap*) 0x000000005dc4b6d0
 Begin Bits: [0x0000000013840000, 0x00000000197e0000)
 End Bits:   [0x00000000197e0000, 0x000000001f780000)

Polling page: 0x0000000000f90000

CodeCache: size=245760Kb used=327Kb max_used=327Kb free=245432Kb
 bounds [0x0000000002a80000, 0x0000000002cf0000, 0x0000000011a80000]
 total_blobs=57 nmethods=0 adapters=38
 compilation: enabled

Compilation events (0 events):
No events

GC Heap History (0 events):
No events

Deoptimization events (0 events):
No events

Internal exceptions (0 events):
No events

Events (10 events):
Event: 0.037 loading class java/lang/Short
Event: 0.037 loading class java/lang/Short done
Event: 0.037 loading class java/lang/Integer
Event: 0.037 loading class java/lang/Integer done
Event: 0.037 loading class java/lang/Long
Event: 0.037 loading class java/lang/Long done
Event: 0.038 loading class java/lang/NullPointerException
Event: 0.038 loading class java/lang/NullPointerException done
Event: 0.038 loading class java/lang/ArithmeticException
Event: 0.038 loading class java/lang/ArithmeticException done


Dynamic libraries:
0x00007ff6ed000000 - 0x00007ff6ed037000 	C:\Program Files\Java\jre1.8.0_121\bin\javaw.exe
0x00007ff960d80000 - 0x00007ff960f5b000 	C:\WINDOWS\SYSTEM32\ntdll.dll
0x00007ff960c70000 - 0x00007ff960d1e000 	C:\WINDOWS\System32\KERNEL32.DLL
0x00007ff95d340000 - 0x00007ff95d589000 	C:\WINDOWS\System32\KERNELBASE.dll
0x00007ff95ebc0000 - 0x00007ff95ec61000 	C:\WINDOWS\System32\ADVAPI32.dll
0x00007ff95eb20000 - 0x00007ff95ebbd000 	C:\WINDOWS\System32\msvcrt.dll
0x00007ff95ee60000 - 0x00007ff95eeb9000 	C:\WINDOWS\System32\sechost.dll
0x00007ff95e5b0000 - 0x00007ff95e6d5000 	C:\WINDOWS\System32\RPCRT4.dll
0x00007ff95ed10000 - 0x00007ff95ee5a000 	C:\WINDOWS\System32\USER32.dll
0x00007ff95d7b0000 - 0x00007ff95d7ce000 	C:\WINDOWS\System32\win32u.dll
0x00007ff9603b0000 - 0x00007ff9603d7000 	C:\WINDOWS\System32\GDI32.dll
0x00007ff95e150000 - 0x00007ff95e2d9000 	C:\WINDOWS\System32\gdi32full.dll
0x00007ff95d2a0000 - 0x00007ff95d33a000 	C:\WINDOWS\System32\msvcp_win.dll
0x00007ff95d640000 - 0x00007ff95d736000 	C:\WINDOWS\System32\ucrtbase.dll
0x00007ff952900000 - 0x00007ff952b67000 	C:\WINDOWS\WinSxS\amd64_microsoft.windows.common-controls_6595b64144ccf1df_6.0.15063.0_none_108e4f62dfe5d999\COMCTL32.dll
0x00007ff9608f0000 - 0x00007ff960be9000 	C:\WINDOWS\System32\combase.dll
0x00007ff95d740000 - 0x00007ff95d7aa000 	C:\WINDOWS\System32\bcryptPrimitives.dll
0x00007ff95ec70000 - 0x00007ff95ec9d000 	C:\WINDOWS\System32\IMM32.DLL
0x000000005d1a0000 - 0x000000005d272000 	C:\Program Files\Java\jre1.8.0_121\bin\msvcr100.dll
0x000000005d430000 - 0x000000005dccb000 	C:\Program Files\Java\jre1.8.0_121\bin\server\jvm.dll
0x00007ff95eca0000 - 0x00007ff95eca8000 	C:\WINDOWS\System32\PSAPI.DLL
0x00007ff946c70000 - 0x00007ff946c79000 	C:\WINDOWS\SYSTEM32\WSOCK32.dll
0x00007ff960bf0000 - 0x00007ff960c5c000 	C:\WINDOWS\System32\WS2_32.dll
0x00007ff9577d0000 - 0x00007ff9577f3000 	C:\WINDOWS\SYSTEM32\WINMM.dll
0x00007ff95a040000 - 0x00007ff95a04a000 	C:\WINDOWS\SYSTEM32\VERSION.dll
0x00007ff957770000 - 0x00007ff95779b000 	C:\WINDOWS\SYSTEM32\winmmbase.dll
0x00007ff95d7d0000 - 0x00007ff95d819000 	C:\WINDOWS\System32\cfgmgr32.dll
0x000000005d340000 - 0x000000005d34f000 	C:\Program Files\Java\jre1.8.0_121\bin\verify.dll
0x000000005d310000 - 0x000000005d339000 	C:\Program Files\Java\jre1.8.0_121\bin\java.dll
0x000000005d2f0000 - 0x000000005d306000 	C:\Program Files\Java\jre1.8.0_121\bin\zip.dll

VM Arguments:
jvm_args: -Dfile.encoding=Cp1252 
java_command: LoginWindow
java_class_path (initial): C:\Users\bmcgee20\Documents\Java Programming\Project_4\bin;C:\Users\bmcgee20\Desktop\MySQL\mysql-connector-java-5.1.41\mysql-connector-java-5.1.41-bin.jar
Launcher Type: SUN_STANDARD

Environment Variables:
PATH=C:/Program Files/Java/jre1.8.0_121/bin/server;C:/Program Files/Java/jre1.8.0_121/bin;C:/Program Files/Java/jre1.8.0_121/lib/amd64;C:\ProgramData\Oracle\Java\javapath;C:\Program Files (x86)\NVIDIA Corporation\PhysX\Common;C:\WINDOWS\system32;C:\WINDOWS;C:\WINDOWS\System32\Wbem;C:\WINDOWS\System32\WindowsPowerShell\v1.0\;C:\Program Files (x86)\Skype\Phone\;C:\Program Files (x86)\AMD\ATI.ACE\Core-Static;C:\Program Files\Git\cmd;C:\Program Files (x86)\Brackets\command;C:\TDM-GCC-64\bin;C:\Program Files\nodejs\;C:\Program Files (x86)\GtkSharp\2.12\bin;C:\Program Files (x86)\Windows Kits\10\Windows Performance Toolkit\;C:\Users\bmcgee20\AppData\Local\Programs\Python\Python35-32\Scripts\;C:\Users\bmcgee20\AppData\Local\Programs\Python\Python35-32\;C:\Users\bmcgee20\AppData\Local\Microsoft\WindowsApps;C:\Users\bmcgee20\AppData\Roaming\npm;;C:\Users\bmcgee20\Desktop\Eclipse Java;
USERNAME=bmcgee20
OS=Windows_NT
PROCESSOR_IDENTIFIER=AMD64 Family 21 Model 2 Stepping 0, AuthenticAMD



---------------  S Y S T E M  ---------------

OS: Windows 10.0 , 64 bit Build 15063 (10.0.15063.0)

CPU:total 6 (6 cores per cpu, 1 threads per core) family 21 model 2 stepping 0, cmov, cx8, fxsr, mmx, sse, sse2, sse3, ssse3, sse4.1, sse4.2, popcnt, avx, aes, clmul, mmxext, 3dnowpref, lzcnt, sse4a, tsc, tscinvbit, tscinv, bmi1

Memory: 4k page, physical 25062824k(12035804k free), swap 42077352k(3988k free)

vm_info: Java HotSpot(TM) 64-Bit Server VM (25.121-b13) for windows-amd64 JRE (1.8.0_121-b13), built on Dec 12 2016 18:21:36 by "java_re" with MS VC++ 10.0 (VS2010)

time: Wed Apr 26 01:03:31 2017
elapsed time: 0 seconds (0d 0h 0m 0s)

